C:\Users\Anuitex\source\repos\BlackJack\BlackJack.AngularMVC\dist\out-tsc\src\app\app-routing.module.js
C:\Users\Anuitex\source\repos\BlackJack\BlackJack.AngularMVC\dist\out-tsc\src\app\app-routing.module.js.map
C:\Users\Anuitex\source\repos\BlackJack\BlackJack.AngularMVC\dist\out-tsc\src\app\app.component.js
C:\Users\Anuitex\source\repos\BlackJack\BlackJack.AngularMVC\dist\out-tsc\src\app\app.component.js.map
C:\Users\Anuitex\source\repos\BlackJack\BlackJack.AngularMVC\dist\out-tsc\Shared\models\game-model\StartInfoGameView.js
C:\Users\Anuitex\source\repos\BlackJack\BlackJack.AngularMVC\dist\out-tsc\Shared\models\game-model\StartInfoGameView.js.map
C:\Users\Anuitex\source\repos\BlackJack\BlackJack.AngularMVC\dist\out-tsc\Shared\models\enum-model\ResultEnumView.js
C:\Users\Anuitex\source\repos\BlackJack\BlackJack.AngularMVC\dist\out-tsc\Shared\models\enum-model\ResultEnumView.js.map
C:\Users\Anuitex\source\repos\BlackJack\BlackJack.AngularMVC\dist\out-tsc\Shared\models\enum-model\RoleEnumView.js
C:\Users\Anuitex\source\repos\BlackJack\BlackJack.AngularMVC\dist\out-tsc\Shared\models\enum-model\RoleEnumView.js.map
C:\Users\Anuitex\source\repos\BlackJack\BlackJack.AngularMVC\dist\out-tsc\Shared\models\enum-model\GameEnd.js
C:\Users\Anuitex\source\repos\BlackJack\BlackJack.AngularMVC\dist\out-tsc\Shared\models\enum-model\GameEnd.js.map
C:\Users\Anuitex\source\repos\BlackJack\BlackJack.AngularMVC\dist\out-tsc\Shared\models\game-model\CurrentGameGameView.js
C:\Users\Anuitex\source\repos\BlackJack\BlackJack.AngularMVC\dist\out-tsc\Shared\models\game-model\CurrentGameGameView.js.map
C:\Users\Anuitex\source\repos\BlackJack\BlackJack.AngularMVC\dist\out-tsc\Shared\models\game-model\EndGameGameView.js
C:\Users\Anuitex\source\repos\BlackJack\BlackJack.AngularMVC\dist\out-tsc\Shared\models\game-model\EndGameGameView.js.map
C:\Users\Anuitex\source\repos\BlackJack\BlackJack.AngularMVC\dist\out-tsc\Shared\models\game-model\gameStartInfo.js
C:\Users\Anuitex\source\repos\BlackJack\BlackJack.AngularMVC\dist\out-tsc\Shared\models\game-model\gameStartInfo.js.map
C:\Users\Anuitex\source\repos\BlackJack\BlackJack.AngularMVC\dist\out-tsc\src\app\Game\game-service.service.js
C:\Users\Anuitex\source\repos\BlackJack\BlackJack.AngularMVC\dist\out-tsc\src\app\Game\game-service.service.js.map
C:\Users\Anuitex\source\repos\BlackJack\BlackJack.AngularMVC\dist\out-tsc\Shared\models\history-model\AllGamesHistoryView.js
C:\Users\Anuitex\source\repos\BlackJack\BlackJack.AngularMVC\dist\out-tsc\Shared\models\history-model\AllGamesHistoryView.js.map
C:\Users\Anuitex\source\repos\BlackJack\BlackJack.AngularMVC\dist\out-tsc\Shared\models\history-model\GameDetailsHistoryView.js
C:\Users\Anuitex\source\repos\BlackJack\BlackJack.AngularMVC\dist\out-tsc\Shared\models\history-model\GameDetailsHistoryView.js.map
C:\Users\Anuitex\source\repos\BlackJack\BlackJack.AngularMVC\dist\out-tsc\src\app\History\history.service.js
C:\Users\Anuitex\source\repos\BlackJack\BlackJack.AngularMVC\dist\out-tsc\src\app\History\history.service.js.map
C:\Users\Anuitex\source\repos\BlackJack\BlackJack.AngularMVC\dist\out-tsc\Shared\shared.module.js
C:\Users\Anuitex\source\repos\BlackJack\BlackJack.AngularMVC\dist\out-tsc\Shared\shared.module.js.map
C:\Users\Anuitex\source\repos\BlackJack\BlackJack.AngularMVC\dist\out-tsc\src\app\app.module.js
C:\Users\Anuitex\source\repos\BlackJack\BlackJack.AngularMVC\dist\out-tsc\src\app\app.module.js.map
C:\Users\Anuitex\source\repos\BlackJack\BlackJack.AngularMVC\dist\out-tsc\src\environments\environment.js
C:\Users\Anuitex\source\repos\BlackJack\BlackJack.AngularMVC\dist\out-tsc\src\environments\environment.js.map
C:\Users\Anuitex\source\repos\BlackJack\BlackJack.AngularMVC\dist\out-tsc\src\main.js
C:\Users\Anuitex\source\repos\BlackJack\BlackJack.AngularMVC\dist\out-tsc\src\main.js.map
C:\Users\Anuitex\source\repos\BlackJack\BlackJack.AngularMVC\dist\out-tsc\src\polyfills.js
C:\Users\Anuitex\source\repos\BlackJack\BlackJack.AngularMVC\dist\out-tsc\src\polyfills.js.map
C:\Users\Anuitex\source\repos\BlackJack\BlackJack.AngularMVC\dist\out-tsc\src\test.js
C:\Users\Anuitex\source\repos\BlackJack\BlackJack.AngularMVC\dist\out-tsc\src\test.js.map
C:\Users\Anuitex\source\repos\BlackJack\BlackJack.AngularMVC\dist\out-tsc\src\app\app-routing.module.spec.js
C:\Users\Anuitex\source\repos\BlackJack\BlackJack.AngularMVC\dist\out-tsc\src\app\app-routing.module.spec.js.map
C:\Users\Anuitex\source\repos\BlackJack\BlackJack.AngularMVC\dist\out-tsc\src\environments\environment.prod.js
C:\Users\Anuitex\source\repos\BlackJack\BlackJack.AngularMVC\dist\out-tsc\src\environments\environment.prod.js.map
C:\Users\Anuitex\source\repos\BlackJack\BlackJack.AngularMVC\dist\out-tsc\src\app\current\current-routing.module.js
C:\Users\Anuitex\source\repos\BlackJack\BlackJack.AngularMVC\dist\out-tsc\src\app\current\current-routing.module.js.map
C:\Users\Anuitex\source\repos\BlackJack\BlackJack.AngularMVC\dist\out-tsc\src\app\current\current.module.js
C:\Users\Anuitex\source\repos\BlackJack\BlackJack.AngularMVC\dist\out-tsc\src\app\current\current.module.js.map
C:\Users\Anuitex\source\repos\BlackJack\BlackJack.AngularMVC\dist\out-tsc\src\app\end\end-routing.module.js
C:\Users\Anuitex\source\repos\BlackJack\BlackJack.AngularMVC\dist\out-tsc\src\app\end\end-routing.module.js.map
C:\Users\Anuitex\source\repos\BlackJack\BlackJack.AngularMVC\dist\out-tsc\src\app\end\end.module.js
C:\Users\Anuitex\source\repos\BlackJack\BlackJack.AngularMVC\dist\out-tsc\src\app\end\end.module.js.map
C:\Users\Anuitex\source\repos\BlackJack\BlackJack.AngularMVC\dist\out-tsc\src\app\History\game-details\game-details.component.js
C:\Users\Anuitex\source\repos\BlackJack\BlackJack.AngularMVC\dist\out-tsc\src\app\History\game-details\game-details.component.js.map
C:\Users\Anuitex\source\repos\BlackJack\BlackJack.AngularMVC\dist\out-tsc\src\app\History\all-game\all-game.component.js
C:\Users\Anuitex\source\repos\BlackJack\BlackJack.AngularMVC\dist\out-tsc\src\app\History\all-game\all-game.component.js.map
C:\Users\Anuitex\source\repos\BlackJack\BlackJack.AngularMVC\dist\out-tsc\src\app\History\history-routing.module.js
C:\Users\Anuitex\source\repos\BlackJack\BlackJack.AngularMVC\dist\out-tsc\src\app\History\history-routing.module.js.map
C:\Users\Anuitex\source\repos\BlackJack\BlackJack.AngularMVC\dist\out-tsc\src\app\History\history.module.js
C:\Users\Anuitex\source\repos\BlackJack\BlackJack.AngularMVC\dist\out-tsc\src\app\History\history.module.js.map
C:\Users\Anuitex\source\repos\BlackJack\BlackJack.AngularMVC\dist\out-tsc\src\app\Game\current-game\current-game-component\current-game.component.js
C:\Users\Anuitex\source\repos\BlackJack\BlackJack.AngularMVC\dist\out-tsc\src\app\Game\current-game\current-game-component\current-game.component.js.map
C:\Users\Anuitex\source\repos\BlackJack\BlackJack.AngularMVC\dist\out-tsc\src\app\Game\current-game\current-routing.module.js
C:\Users\Anuitex\source\repos\BlackJack\BlackJack.AngularMVC\dist\out-tsc\src\app\Game\current-game\current-routing.module.js.map
C:\Users\Anuitex\source\repos\BlackJack\BlackJack.AngularMVC\dist\out-tsc\src\app\Game\current-game\current.module.js
C:\Users\Anuitex\source\repos\BlackJack\BlackJack.AngularMVC\dist\out-tsc\src\app\Game\current-game\current.module.js.map
C:\Users\Anuitex\source\repos\BlackJack\BlackJack.AngularMVC\dist\out-tsc\src\app\Game\end-game\end-game-component\end-game.component.js
C:\Users\Anuitex\source\repos\BlackJack\BlackJack.AngularMVC\dist\out-tsc\src\app\Game\end-game\end-game-component\end-game.component.js.map
C:\Users\Anuitex\source\repos\BlackJack\BlackJack.AngularMVC\dist\out-tsc\src\app\Game\end-game\end-routing.module.js
C:\Users\Anuitex\source\repos\BlackJack\BlackJack.AngularMVC\dist\out-tsc\src\app\Game\end-game\end-routing.module.js.map
C:\Users\Anuitex\source\repos\BlackJack\BlackJack.AngularMVC\dist\out-tsc\src\app\Game\end-game\end.module.js
C:\Users\Anuitex\source\repos\BlackJack\BlackJack.AngularMVC\dist\out-tsc\src\app\Game\end-game\end.module.js.map
C:\Users\Anuitex\source\repos\BlackJack\BlackJack.AngularMVC\dist\out-tsc\src\app\Game\start\start-component\start.component.js
C:\Users\Anuitex\source\repos\BlackJack\BlackJack.AngularMVC\dist\out-tsc\src\app\Game\start\start-component\start.component.js.map
C:\Users\Anuitex\source\repos\BlackJack\BlackJack.AngularMVC\dist\out-tsc\src\app\Game\start\start-routing.module.js
C:\Users\Anuitex\source\repos\BlackJack\BlackJack.AngularMVC\dist\out-tsc\src\app\Game\start\start-routing.module.js.map
C:\Users\Anuitex\source\repos\BlackJack\BlackJack.AngularMVC\dist\out-tsc\src\app\Game\start\start.module.js
C:\Users\Anuitex\source\repos\BlackJack\BlackJack.AngularMVC\dist\out-tsc\src\app\Game\start\start.module.js.map
